[06/18/23 10:57:11] crowsnest: crowsnest - A webcam Service for multiple Cams and Stream Services.
[06/18/23 10:57:11] crowsnest: Version: v4.1.3-1-gc0c9c41
[06/18/23 10:57:11] crowsnest: Prepare Startup ...
[06/18/23 10:57:11] crowsnest: INFO: Host information:
[06/18/23 10:57:11] crowsnest: Host Info: Distribution: Debian GNU/Linux 11 (bullseye)
[06/18/23 10:57:11] crowsnest: Host Info: Release: MainsailOS release 1.3.2 (bullseye)
[06/18/23 10:57:11] crowsnest: Host Info: Kernel: Linux 6.1.21-v8+ aarch64
[06/18/23 10:57:11] crowsnest: Host Info: Model:  Raspberry Pi 4 Model B Rev 1.1
[06/18/23 10:57:11] crowsnest: Host Info: Available CPU Cores: 4
[06/18/23 10:57:11] crowsnest: Host Info: Available Memory: 3705532 kB
[06/18/23 10:57:11] crowsnest: Host Info: Diskspace (avail. / total): 106G / 116G
[06/18/23 10:57:11] crowsnest: INFO: Checking Dependencies
[06/18/23 10:57:11] crowsnest: Dependency: 'crudini' found in /usr/bin/crudini.
[06/18/23 10:57:11] crowsnest: Dependency: 'find' found in /usr/bin/find.
[06/18/23 10:57:11] crowsnest: Dependency: 'xargs' found in /usr/bin/xargs.
[06/18/23 10:57:11] crowsnest: Dependency: 'ustreamer' found in bin/ustreamer/ustreamer.
[06/18/23 10:57:11] crowsnest: Dependency: 'camera-streamer' found in bin/camera-streamer/camera-streamer.
[06/18/23 10:57:12] crowsnest: Version Control: ustreamer is up to date. (v5.48)
[06/18/23 10:57:14] crowsnest: Version Control: camera-streamer is up to date. ((f1627aa))
[06/18/23 10:57:14] crowsnest: INFO: Print Configfile: '/home/admin/printer_data/config/crowsnest.conf'
[06/18/23 10:57:14] crowsnest:		[crowsnest]
[06/18/23 10:57:14] crowsnest:		log_path: /home/admin/printer_data/logs/crowsnest.log
[06/18/23 10:57:14] crowsnest:		log_level: verbose
[06/18/23 10:57:14] crowsnest:		delete_log: false
[06/18/23 10:57:14] crowsnest:		no_proxy: false
[06/18/23 10:57:14] crowsnest:		
[06/18/23 10:57:14] crowsnest:		[cam 1]
[06/18/23 10:57:14] crowsnest:		mode: ustreamer
[06/18/23 10:57:14] crowsnest:		
[06/18/23 10:57:14] crowsnest:		enable_rtsp: false
[06/18/23 10:57:14] crowsnest:		rtsp_port: 8554
[06/18/23 10:57:14] crowsnest:		port: 8080
[06/18/23 10:57:14] crowsnest:		device: /dev/video0
[06/18/23 10:57:14] crowsnest:		resolution: 640x480
[06/18/23 10:57:14] crowsnest:		max_fps: 15
[06/18/23 10:57:14] crowsnest: INFO: Detect available Devices
[06/18/23 10:57:15] crowsnest: ERROR: No usable Devices Found. Stopping crowsnest.
[06/18/23 10:57:21] crowsnest: crowsnest - A webcam Service for multiple Cams and Stream Services.
[06/18/23 10:57:21] crowsnest: Version: v4.1.3-1-gc0c9c41
[06/18/23 10:57:21] crowsnest: Prepare Startup ...
[06/18/23 10:57:21] crowsnest: INFO: Host information:
[06/18/23 10:57:21] crowsnest: Host Info: Distribution: Debian GNU/Linux 11 (bullseye)
[06/18/23 10:57:21] crowsnest: Host Info: Release: MainsailOS release 1.3.2 (bullseye)
[06/18/23 10:57:21] crowsnest: Host Info: Kernel: Linux 6.1.21-v8+ aarch64
[06/18/23 10:57:21] crowsnest: Host Info: Model:  Raspberry Pi 4 Model B Rev 1.1
[06/18/23 10:57:21] crowsnest: Host Info: Available CPU Cores: 4
[06/18/23 10:57:21] crowsnest: Host Info: Available Memory: 3705532 kB
[06/18/23 10:57:21] crowsnest: Host Info: Diskspace (avail. / total): 106G / 116G
[06/18/23 10:57:21] crowsnest: INFO: Checking Dependencies
[06/18/23 10:57:21] crowsnest: Dependency: 'crudini' found in /usr/bin/crudini.
[06/18/23 10:57:21] crowsnest: Dependency: 'find' found in /usr/bin/find.
[06/18/23 10:57:21] crowsnest: Dependency: 'xargs' found in /usr/bin/xargs.
[06/18/23 10:57:21] crowsnest: Dependency: 'ustreamer' found in bin/ustreamer/ustreamer.
[06/18/23 10:57:21] crowsnest: Dependency: 'camera-streamer' found in bin/camera-streamer/camera-streamer.
[06/18/23 10:57:21] crowsnest: Version Control: ustreamer is up to date. (v5.48)
[06/18/23 10:57:21] crowsnest: Version Control: camera-streamer is up to date. ((f1627aa))
[06/18/23 10:57:21] crowsnest: INFO: Print Configfile: '/home/admin/printer_data/config/crowsnest.conf'
[06/18/23 10:57:21] crowsnest:		[crowsnest]
[06/18/23 10:57:21] crowsnest:		log_path: /home/admin/printer_data/logs/crowsnest.log
[06/18/23 10:57:21] crowsnest:		log_level: verbose
[06/18/23 10:57:21] crowsnest:		delete_log: false
[06/18/23 10:57:21] crowsnest:		no_proxy: false
[06/18/23 10:57:21] crowsnest:		
[06/18/23 10:57:21] crowsnest:		[cam 1]
[06/18/23 10:57:21] crowsnest:		mode: ustreamer
[06/18/23 10:57:21] crowsnest:		
[06/18/23 10:57:21] crowsnest:		enable_rtsp: false
[06/18/23 10:57:21] crowsnest:		rtsp_port: 8554
[06/18/23 10:57:21] crowsnest:		port: 8080
[06/18/23 10:57:21] crowsnest:		device: /dev/video0
[06/18/23 10:57:21] crowsnest:		resolution: 640x480
[06/18/23 10:57:21] crowsnest:		max_fps: 15
[06/18/23 10:57:21] crowsnest: INFO: Detect available Devices
[06/18/23 10:57:21] crowsnest: ERROR: No usable Devices Found. Stopping crowsnest.
[06/18/23 10:57:27] crowsnest: crowsnest - A webcam Service for multiple Cams and Stream Services.
[06/18/23 10:57:27] crowsnest: Version: v4.1.3-1-gc0c9c41
[06/18/23 10:57:27] crowsnest: Prepare Startup ...
[06/18/23 10:57:27] crowsnest: INFO: Host information:
[06/18/23 10:57:27] crowsnest: Host Info: Distribution: Debian GNU/Linux 11 (bullseye)
[06/18/23 10:57:27] crowsnest: Host Info: Release: MainsailOS release 1.3.2 (bullseye)
[06/18/23 10:57:27] crowsnest: Host Info: Kernel: Linux 6.1.21-v8+ aarch64
[06/18/23 10:57:27] crowsnest: Host Info: Model:  Raspberry Pi 4 Model B Rev 1.1
[06/18/23 10:57:27] crowsnest: Host Info: Available CPU Cores: 4
[06/18/23 10:57:27] crowsnest: Host Info: Available Memory: 3705532 kB
[06/18/23 10:57:27] crowsnest: Host Info: Diskspace (avail. / total): 106G / 116G
[06/18/23 10:57:27] crowsnest: INFO: Checking Dependencies
[06/18/23 10:57:27] crowsnest: Dependency: 'crudini' found in /usr/bin/crudini.
[06/18/23 10:57:27] crowsnest: Dependency: 'find' found in /usr/bin/find.
[06/18/23 10:57:27] crowsnest: Dependency: 'xargs' found in /usr/bin/xargs.
[06/18/23 10:57:27] crowsnest: Dependency: 'ustreamer' found in bin/ustreamer/ustreamer.
[06/18/23 10:57:27] crowsnest: Dependency: 'camera-streamer' found in bin/camera-streamer/camera-streamer.
[06/18/23 10:57:27] crowsnest: Version Control: ustreamer is up to date. (v5.48)
[06/18/23 10:57:27] crowsnest: Version Control: camera-streamer is up to date. ((f1627aa))
[06/18/23 10:57:27] crowsnest: INFO: Print Configfile: '/home/admin/printer_data/config/crowsnest.conf'
[06/18/23 10:57:27] crowsnest:		[crowsnest]
[06/18/23 10:57:27] crowsnest:		log_path: /home/admin/printer_data/logs/crowsnest.log
[06/18/23 10:57:27] crowsnest:		log_level: verbose
[06/18/23 10:57:27] crowsnest:		delete_log: false
[06/18/23 10:57:27] crowsnest:		no_proxy: false
[06/18/23 10:57:27] crowsnest:		
[06/18/23 10:57:27] crowsnest:		[cam 1]
[06/18/23 10:57:27] crowsnest:		mode: ustreamer
[06/18/23 10:57:27] crowsnest:		
[06/18/23 10:57:27] crowsnest:		enable_rtsp: false
[06/18/23 10:57:27] crowsnest:		rtsp_port: 8554
[06/18/23 10:57:27] crowsnest:		port: 8080
[06/18/23 10:57:27] crowsnest:		device: /dev/video0
[06/18/23 10:57:27] crowsnest:		resolution: 640x480
[06/18/23 10:57:27] crowsnest:		max_fps: 15
[06/18/23 10:57:27] crowsnest: INFO: Detect available Devices
[06/18/23 10:57:27] crowsnest: ERROR: No usable Devices Found. Stopping crowsnest.
[06/18/23 10:57:33] crowsnest: crowsnest - A webcam Service for multiple Cams and Stream Services.
[06/18/23 10:57:33] crowsnest: Version: v4.1.3-1-gc0c9c41
[06/18/23 10:57:33] crowsnest: Prepare Startup ...
[06/18/23 10:57:33] crowsnest: INFO: Host information:
[06/18/23 10:57:33] crowsnest: Host Info: Distribution: Debian GNU/Linux 11 (bullseye)
[06/18/23 10:57:33] crowsnest: Host Info: Release: MainsailOS release 1.3.2 (bullseye)
[06/18/23 10:57:33] crowsnest: Host Info: Kernel: Linux 6.1.21-v8+ aarch64
[06/18/23 10:57:33] crowsnest: Host Info: Model:  Raspberry Pi 4 Model B Rev 1.1
[06/18/23 10:57:33] crowsnest: Host Info: Available CPU Cores: 4
[06/18/23 10:57:33] crowsnest: Host Info: Available Memory: 3705532 kB
[06/18/23 10:57:33] crowsnest: Host Info: Diskspace (avail. / total): 106G / 116G
[06/18/23 10:57:33] crowsnest: INFO: Checking Dependencies
[06/18/23 10:57:33] crowsnest: Dependency: 'crudini' found in /usr/bin/crudini.
[06/18/23 10:57:33] crowsnest: Dependency: 'find' found in /usr/bin/find.
[06/18/23 10:57:33] crowsnest: Dependency: 'xargs' found in /usr/bin/xargs.
[06/18/23 10:57:33] crowsnest: Dependency: 'ustreamer' found in bin/ustreamer/ustreamer.
[06/18/23 10:57:33] crowsnest: Dependency: 'camera-streamer' found in bin/camera-streamer/camera-streamer.
[06/18/23 10:57:33] crowsnest: Version Control: ustreamer is up to date. (v5.48)
[06/18/23 10:57:34] crowsnest: Version Control: camera-streamer is up to date. ((f1627aa))
[06/18/23 10:57:34] crowsnest: INFO: Print Configfile: '/home/admin/printer_data/config/crowsnest.conf'
[06/18/23 10:57:34] crowsnest:		[crowsnest]
[06/18/23 10:57:34] crowsnest:		log_path: /home/admin/printer_data/logs/crowsnest.log
[06/18/23 10:57:34] crowsnest:		log_level: verbose
[06/18/23 10:57:34] crowsnest:		delete_log: false
[06/18/23 10:57:34] crowsnest:		no_proxy: false
[06/18/23 10:57:34] crowsnest:		
[06/18/23 10:57:34] crowsnest:		[cam 1]
[06/18/23 10:57:34] crowsnest:		mode: ustreamer
[06/18/23 10:57:34] crowsnest:		
[06/18/23 10:57:34] crowsnest:		enable_rtsp: false
[06/18/23 10:57:34] crowsnest:		rtsp_port: 8554
[06/18/23 10:57:34] crowsnest:		port: 8080
[06/18/23 10:57:34] crowsnest:		device: /dev/video0
[06/18/23 10:57:34] crowsnest:		resolution: 640x480
[06/18/23 10:57:34] crowsnest:		max_fps: 15
[06/18/23 10:57:34] crowsnest: INFO: Detect available Devices
[06/18/23 10:57:34] crowsnest: ERROR: No usable Devices Found. Stopping crowsnest.
[06/18/23 10:57:39] crowsnest: crowsnest - A webcam Service for multiple Cams and Stream Services.
[06/18/23 10:57:39] crowsnest: Version: v4.1.3-1-gc0c9c41
[06/18/23 10:57:39] crowsnest: Prepare Startup ...
[06/18/23 10:57:39] crowsnest: INFO: Host information:
[06/18/23 10:57:39] crowsnest: Host Info: Distribution: Debian GNU/Linux 11 (bullseye)
[06/18/23 10:57:39] crowsnest: Host Info: Release: MainsailOS release 1.3.2 (bullseye)
[06/18/23 10:57:39] crowsnest: Host Info: Kernel: Linux 6.1.21-v8+ aarch64
[06/18/23 10:57:39] crowsnest: Host Info: Model:  Raspberry Pi 4 Model B Rev 1.1
[06/18/23 10:57:39] crowsnest: Host Info: Available CPU Cores: 4
[06/18/23 10:57:39] crowsnest: Host Info: Available Memory: 3705532 kB
[06/18/23 10:57:39] crowsnest: Host Info: Diskspace (avail. / total): 106G / 116G
[06/18/23 10:57:39] crowsnest: INFO: Checking Dependencies
[06/18/23 10:57:40] crowsnest: Dependency: 'crudini' found in /usr/bin/crudini.
[06/18/23 10:57:40] crowsnest: Dependency: 'find' found in /usr/bin/find.
[06/18/23 10:57:40] crowsnest: Dependency: 'xargs' found in /usr/bin/xargs.
[06/18/23 10:57:40] crowsnest: Dependency: 'ustreamer' found in bin/ustreamer/ustreamer.
[06/18/23 10:57:40] crowsnest: Dependency: 'camera-streamer' found in bin/camera-streamer/camera-streamer.
[06/18/23 10:57:40] crowsnest: Version Control: ustreamer is up to date. (v5.48)
[06/18/23 10:57:40] crowsnest: Version Control: camera-streamer is up to date. ((f1627aa))
[06/18/23 10:57:40] crowsnest: INFO: Print Configfile: '/home/admin/printer_data/config/crowsnest.conf'
[06/18/23 10:57:40] crowsnest:		[crowsnest]
[06/18/23 10:57:40] crowsnest:		log_path: /home/admin/printer_data/logs/crowsnest.log
[06/18/23 10:57:40] crowsnest:		log_level: verbose
[06/18/23 10:57:40] crowsnest:		delete_log: false
[06/18/23 10:57:40] crowsnest:		no_proxy: false
[06/18/23 10:57:40] crowsnest:		
[06/18/23 10:57:40] crowsnest:		[cam 1]
[06/18/23 10:57:40] crowsnest:		mode: ustreamer
[06/18/23 10:57:40] crowsnest:		
[06/18/23 10:57:40] crowsnest:		enable_rtsp: false
[06/18/23 10:57:40] crowsnest:		rtsp_port: 8554
[06/18/23 10:57:40] crowsnest:		port: 8080
[06/18/23 10:57:40] crowsnest:		device: /dev/video0
[06/18/23 10:57:40] crowsnest:		resolution: 640x480
[06/18/23 10:57:40] crowsnest:		max_fps: 15
[06/18/23 10:57:40] crowsnest: INFO: Detect available Devices
[06/18/23 10:57:40] crowsnest: ERROR: No usable Devices Found. Stopping crowsnest.
[06/18/23 10:58:00] crowsnest: crowsnest - A webcam Service for multiple Cams and Stream Services.
[06/18/23 10:58:00] crowsnest: Version: v4.1.3-1-gc0c9c41
[06/18/23 10:58:00] crowsnest: Prepare Startup ...
[06/18/23 10:58:00] crowsnest: INFO: Host information:
[06/18/23 10:58:00] crowsnest: Host Info: Distribution: Debian GNU/Linux 11 (bullseye)
[06/18/23 10:58:00] crowsnest: Host Info: Release: MainsailOS release 1.3.2 (bullseye)
[06/18/23 10:58:00] crowsnest: Host Info: Kernel: Linux 6.1.21-v8+ aarch64
[06/18/23 10:58:00] crowsnest: Host Info: Model:  Raspberry Pi 4 Model B Rev 1.1
[06/18/23 10:58:00] crowsnest: Host Info: Available CPU Cores: 4
[06/18/23 10:58:00] crowsnest: Host Info: Available Memory: 3705532 kB
[06/18/23 10:58:00] crowsnest: Host Info: Diskspace (avail. / total): 106G / 116G
[06/18/23 10:58:00] crowsnest: INFO: Checking Dependencies
[06/18/23 10:58:00] crowsnest: Dependency: 'crudini' found in /usr/bin/crudini.
[06/18/23 10:58:00] crowsnest: Dependency: 'find' found in /usr/bin/find.
[06/18/23 10:58:01] crowsnest: Dependency: 'xargs' found in /usr/bin/xargs.
[06/18/23 10:58:01] crowsnest: Dependency: 'ustreamer' found in bin/ustreamer/ustreamer.
[06/18/23 10:58:01] crowsnest: Dependency: 'camera-streamer' found in bin/camera-streamer/camera-streamer.
[06/18/23 10:58:01] crowsnest: Version Control: ustreamer is up to date. (v5.48)
[06/18/23 10:58:02] crowsnest: Version Control: camera-streamer is up to date. ((f1627aa))
[06/18/23 10:58:02] crowsnest: INFO: Print Configfile: '/home/admin/printer_data/config/crowsnest.conf'
[06/18/23 10:58:02] crowsnest:		[crowsnest]
[06/18/23 10:58:02] crowsnest:		log_path: /home/admin/printer_data/logs/crowsnest.log
[06/18/23 10:58:02] crowsnest:		log_level: verbose
[06/18/23 10:58:02] crowsnest:		delete_log: false
[06/18/23 10:58:02] crowsnest:		no_proxy: false
[06/18/23 10:58:02] crowsnest:		
[06/18/23 10:58:02] crowsnest:		[cam 1]
[06/18/23 10:58:02] crowsnest:		mode: ustreamer
[06/18/23 10:58:02] crowsnest:		
[06/18/23 10:58:02] crowsnest:		enable_rtsp: false
[06/18/23 10:58:02] crowsnest:		rtsp_port: 8554
[06/18/23 10:58:02] crowsnest:		port: 8080
[06/18/23 10:58:02] crowsnest:		device: /dev/video0
[06/18/23 10:58:02] crowsnest:		resolution: 640x480
[06/18/23 10:58:02] crowsnest:		max_fps: 15
[06/18/23 10:58:02] crowsnest: INFO: Detect available Devices
[06/18/23 10:58:03] crowsnest: ERROR: No usable Devices Found. Stopping crowsnest.
[06/18/23 10:58:09] crowsnest: crowsnest - A webcam Service for multiple Cams and Stream Services.
[06/18/23 10:58:09] crowsnest: Version: v4.1.3-1-gc0c9c41
[06/18/23 10:58:09] crowsnest: Prepare Startup ...
[06/18/23 10:58:09] crowsnest: INFO: Host information:
[06/18/23 10:58:09] crowsnest: Host Info: Distribution: Debian GNU/Linux 11 (bullseye)
[06/18/23 10:58:09] crowsnest: Host Info: Release: MainsailOS release 1.3.2 (bullseye)
[06/18/23 10:58:09] crowsnest: Host Info: Kernel: Linux 6.1.21-v8+ aarch64
[06/18/23 10:58:09] crowsnest: Host Info: Model:  Raspberry Pi 4 Model B Rev 1.1
[06/18/23 10:58:09] crowsnest: Host Info: Available CPU Cores: 4
[06/18/23 10:58:09] crowsnest: Host Info: Available Memory: 3705532 kB
[06/18/23 10:58:09] crowsnest: Host Info: Diskspace (avail. / total): 106G / 116G
[06/18/23 10:58:09] crowsnest: INFO: Checking Dependencies
[06/18/23 10:58:09] crowsnest: Dependency: 'crudini' found in /usr/bin/crudini.
[06/18/23 10:58:09] crowsnest: Dependency: 'find' found in /usr/bin/find.
[06/18/23 10:58:09] crowsnest: Dependency: 'xargs' found in /usr/bin/xargs.
[06/18/23 10:58:09] crowsnest: Dependency: 'ustreamer' found in bin/ustreamer/ustreamer.
[06/18/23 10:58:09] crowsnest: Dependency: 'camera-streamer' found in bin/camera-streamer/camera-streamer.
[06/18/23 10:58:09] crowsnest: Version Control: ustreamer is up to date. (v5.48)
[06/18/23 10:58:09] crowsnest: Version Control: camera-streamer is up to date. ((f1627aa))
[06/18/23 10:58:09] crowsnest: INFO: Print Configfile: '/home/admin/printer_data/config/crowsnest.conf'
[06/18/23 10:58:09] crowsnest:		[crowsnest]
[06/18/23 10:58:09] crowsnest:		log_path: /home/admin/printer_data/logs/crowsnest.log
[06/18/23 10:58:09] crowsnest:		log_level: verbose
[06/18/23 10:58:09] crowsnest:		delete_log: false
[06/18/23 10:58:09] crowsnest:		no_proxy: false
[06/18/23 10:58:09] crowsnest:		
[06/18/23 10:58:09] crowsnest:		[cam 1]
[06/18/23 10:58:09] crowsnest:		mode: ustreamer
[06/18/23 10:58:09] crowsnest:		
[06/18/23 10:58:09] crowsnest:		enable_rtsp: false
[06/18/23 10:58:09] crowsnest:		rtsp_port: 8554
[06/18/23 10:58:09] crowsnest:		port: 8080
[06/18/23 10:58:09] crowsnest:		device: /dev/video0
[06/18/23 10:58:09] crowsnest:		resolution: 640x480
[06/18/23 10:58:09] crowsnest:		max_fps: 15
[06/18/23 10:58:09] crowsnest: INFO: Detect available Devices
[06/18/23 10:58:09] crowsnest: ERROR: No usable Devices Found. Stopping crowsnest.
[06/18/23 10:58:15] crowsnest: crowsnest - A webcam Service for multiple Cams and Stream Services.
[06/18/23 10:58:15] crowsnest: Version: v4.1.3-1-gc0c9c41
[06/18/23 10:58:15] crowsnest: Prepare Startup ...
[06/18/23 10:58:15] crowsnest: INFO: Host information:
[06/18/23 10:58:15] crowsnest: Host Info: Distribution: Debian GNU/Linux 11 (bullseye)
[06/18/23 10:58:15] crowsnest: Host Info: Release: MainsailOS release 1.3.2 (bullseye)
[06/18/23 10:58:15] crowsnest: Host Info: Kernel: Linux 6.1.21-v8+ aarch64
[06/18/23 10:58:15] crowsnest: Host Info: Model:  Raspberry Pi 4 Model B Rev 1.1
[06/18/23 10:58:15] crowsnest: Host Info: Available CPU Cores: 4
[06/18/23 10:58:15] crowsnest: Host Info: Available Memory: 3705532 kB
[06/18/23 10:58:15] crowsnest: Host Info: Diskspace (avail. / total): 106G / 116G
[06/18/23 10:58:15] crowsnest: INFO: Checking Dependencies
[06/18/23 10:58:15] crowsnest: Dependency: 'crudini' found in /usr/bin/crudini.
[06/18/23 10:58:15] crowsnest: Dependency: 'find' found in /usr/bin/find.
[06/18/23 10:58:16] crowsnest: Dependency: 'xargs' found in /usr/bin/xargs.
[06/18/23 10:58:16] crowsnest: Dependency: 'ustreamer' found in bin/ustreamer/ustreamer.
[06/18/23 10:58:16] crowsnest: Dependency: 'camera-streamer' found in bin/camera-streamer/camera-streamer.
[06/18/23 10:58:16] crowsnest: Version Control: ustreamer is up to date. (v5.48)
[06/18/23 10:58:16] crowsnest: Version Control: camera-streamer is up to date. ((f1627aa))
[06/18/23 10:58:16] crowsnest: INFO: Print Configfile: '/home/admin/printer_data/config/crowsnest.conf'
[06/18/23 10:58:16] crowsnest:		[crowsnest]
[06/18/23 10:58:16] crowsnest:		log_path: /home/admin/printer_data/logs/crowsnest.log
[06/18/23 10:58:16] crowsnest:		log_level: verbose
[06/18/23 10:58:16] crowsnest:		delete_log: false
[06/18/23 10:58:16] crowsnest:		no_proxy: false
[06/18/23 10:58:16] crowsnest:		
[06/18/23 10:58:16] crowsnest:		[cam 1]
[06/18/23 10:58:16] crowsnest:		mode: ustreamer
[06/18/23 10:58:16] crowsnest:		
[06/18/23 10:58:16] crowsnest:		enable_rtsp: false
[06/18/23 10:58:16] crowsnest:		rtsp_port: 8554
[06/18/23 10:58:16] crowsnest:		port: 8080
[06/18/23 10:58:16] crowsnest:		device: /dev/video0
[06/18/23 10:58:16] crowsnest:		resolution: 640x480
[06/18/23 10:58:16] crowsnest:		max_fps: 15
[06/18/23 10:58:16] crowsnest: INFO: Detect available Devices
[06/18/23 10:58:16] crowsnest: ERROR: No usable Devices Found. Stopping crowsnest.
[06/18/23 10:58:22] crowsnest: crowsnest - A webcam Service for multiple Cams and Stream Services.
[06/18/23 10:58:22] crowsnest: Version: v4.1.3-1-gc0c9c41
[06/18/23 10:58:22] crowsnest: Prepare Startup ...
[06/18/23 10:58:22] crowsnest: INFO: Host information:
[06/18/23 10:58:22] crowsnest: Host Info: Distribution: Debian GNU/Linux 11 (bullseye)
[06/18/23 10:58:22] crowsnest: Host Info: Release: MainsailOS release 1.3.2 (bullseye)
[06/18/23 10:58:22] crowsnest: Host Info: Kernel: Linux 6.1.21-v8+ aarch64
[06/18/23 10:58:22] crowsnest: Host Info: Model:  Raspberry Pi 4 Model B Rev 1.1
[06/18/23 10:58:22] crowsnest: Host Info: Available CPU Cores: 4
[06/18/23 10:58:22] crowsnest: Host Info: Available Memory: 3705532 kB
[06/18/23 10:58:22] crowsnest: Host Info: Diskspace (avail. / total): 106G / 116G
[06/18/23 10:58:22] crowsnest: INFO: Checking Dependencies
[06/18/23 10:58:22] crowsnest: Dependency: 'crudini' found in /usr/bin/crudini.
[06/18/23 10:58:22] crowsnest: Dependency: 'find' found in /usr/bin/find.
[06/18/23 10:58:22] crowsnest: Dependency: 'xargs' found in /usr/bin/xargs.
[06/18/23 10:58:22] crowsnest: Dependency: 'ustreamer' found in bin/ustreamer/ustreamer.
[06/18/23 10:58:22] crowsnest: Dependency: 'camera-streamer' found in bin/camera-streamer/camera-streamer.
[06/18/23 10:58:22] crowsnest: Version Control: ustreamer is up to date. (v5.48)
[06/18/23 10:58:22] crowsnest: Version Control: camera-streamer is up to date. ((f1627aa))
[06/18/23 10:58:22] crowsnest: INFO: Print Configfile: '/home/admin/printer_data/config/crowsnest.conf'
[06/18/23 10:58:22] crowsnest:		[crowsnest]
[06/18/23 10:58:22] crowsnest:		log_path: /home/admin/printer_data/logs/crowsnest.log
[06/18/23 10:58:22] crowsnest:		log_level: verbose
[06/18/23 10:58:22] crowsnest:		delete_log: false
[06/18/23 10:58:22] crowsnest:		no_proxy: false
[06/18/23 10:58:22] crowsnest:		
[06/18/23 10:58:22] crowsnest:		[cam 1]
[06/18/23 10:58:22] crowsnest:		mode: ustreamer
[06/18/23 10:58:22] crowsnest:		
[06/18/23 10:58:22] crowsnest:		enable_rtsp: false
[06/18/23 10:58:22] crowsnest:		rtsp_port: 8554
[06/18/23 10:58:22] crowsnest:		port: 8080
[06/18/23 10:58:22] crowsnest:		device: /dev/video0
[06/18/23 10:58:22] crowsnest:		resolution: 640x480
[06/18/23 10:58:22] crowsnest:		max_fps: 15
[06/18/23 10:58:22] crowsnest: INFO: Detect available Devices
[06/18/23 10:58:22] crowsnest: ERROR: No usable Devices Found. Stopping crowsnest.
[06/18/23 10:58:28] crowsnest: crowsnest - A webcam Service for multiple Cams and Stream Services.
[06/18/23 10:58:28] crowsnest: Version: v4.1.3-1-gc0c9c41
[06/18/23 10:58:28] crowsnest: Prepare Startup ...
[06/18/23 10:58:28] crowsnest: INFO: Host information:
[06/18/23 10:58:28] crowsnest: Host Info: Distribution: Debian GNU/Linux 11 (bullseye)
[06/18/23 10:58:28] crowsnest: Host Info: Release: MainsailOS release 1.3.2 (bullseye)
[06/18/23 10:58:28] crowsnest: Host Info: Kernel: Linux 6.1.21-v8+ aarch64
[06/18/23 10:58:28] crowsnest: Host Info: Model:  Raspberry Pi 4 Model B Rev 1.1
[06/18/23 10:58:28] crowsnest: Host Info: Available CPU Cores: 4
[06/18/23 10:58:28] crowsnest: Host Info: Available Memory: 3705532 kB
[06/18/23 10:58:28] crowsnest: Host Info: Diskspace (avail. / total): 106G / 116G
[06/18/23 10:58:29] crowsnest: INFO: Checking Dependencies
[06/18/23 10:58:29] crowsnest: Dependency: 'crudini' found in /usr/bin/crudini.
[06/18/23 10:58:29] crowsnest: Dependency: 'find' found in /usr/bin/find.
[06/18/23 10:58:29] crowsnest: Dependency: 'xargs' found in /usr/bin/xargs.
[06/18/23 10:58:29] crowsnest: Dependency: 'ustreamer' found in bin/ustreamer/ustreamer.
[06/18/23 10:58:29] crowsnest: Dependency: 'camera-streamer' found in bin/camera-streamer/camera-streamer.
[06/18/23 10:58:29] crowsnest: Version Control: ustreamer is up to date. (v5.48)
[06/18/23 10:58:29] crowsnest: Version Control: camera-streamer is up to date. ((f1627aa))
[06/18/23 10:58:29] crowsnest: INFO: Print Configfile: '/home/admin/printer_data/config/crowsnest.conf'
[06/18/23 10:58:29] crowsnest:		[crowsnest]
[06/18/23 10:58:29] crowsnest:		log_path: /home/admin/printer_data/logs/crowsnest.log
[06/18/23 10:58:29] crowsnest:		log_level: verbose
[06/18/23 10:58:29] crowsnest:		delete_log: false
[06/18/23 10:58:29] crowsnest:		no_proxy: false
[06/18/23 10:58:29] crowsnest:		
[06/18/23 10:58:29] crowsnest:		[cam 1]
[06/18/23 10:58:29] crowsnest:		mode: ustreamer
[06/18/23 10:58:29] crowsnest:		
[06/18/23 10:58:29] crowsnest:		enable_rtsp: false
[06/18/23 10:58:29] crowsnest:		rtsp_port: 8554
[06/18/23 10:58:29] crowsnest:		port: 8080
[06/18/23 10:58:29] crowsnest:		device: /dev/video0
[06/18/23 10:58:29] crowsnest:		resolution: 640x480
[06/18/23 10:58:29] crowsnest:		max_fps: 15
[06/18/23 10:58:29] crowsnest: INFO: Detect available Devices
[06/18/23 10:58:29] crowsnest: ERROR: No usable Devices Found. Stopping crowsnest.
[06/18/23 10:58:35] crowsnest: crowsnest - A webcam Service for multiple Cams and Stream Services.
[06/18/23 10:58:35] crowsnest: Version: v4.1.3-1-gc0c9c41
[06/18/23 10:58:35] crowsnest: Prepare Startup ...
[06/18/23 10:58:35] crowsnest: INFO: Host information:
[06/18/23 10:58:35] crowsnest: Host Info: Distribution: Debian GNU/Linux 11 (bullseye)
[06/18/23 10:58:35] crowsnest: Host Info: Release: MainsailOS release 1.3.2 (bullseye)
[06/18/23 10:58:35] crowsnest: Host Info: Kernel: Linux 6.1.21-v8+ aarch64
[06/18/23 10:58:35] crowsnest: Host Info: Model:  Raspberry Pi 4 Model B Rev 1.1
[06/18/23 10:58:35] crowsnest: Host Info: Available CPU Cores: 4
[06/18/23 10:58:35] crowsnest: Host Info: Available Memory: 3705532 kB
[06/18/23 10:58:35] crowsnest: Host Info: Diskspace (avail. / total): 106G / 116G
[06/18/23 10:58:35] crowsnest: INFO: Checking Dependencies
[06/18/23 10:58:35] crowsnest: Dependency: 'crudini' found in /usr/bin/crudini.
[06/18/23 10:58:35] crowsnest: Dependency: 'find' found in /usr/bin/find.
[06/18/23 10:58:35] crowsnest: Dependency: 'xargs' found in /usr/bin/xargs.
[06/18/23 10:58:35] crowsnest: Dependency: 'ustreamer' found in bin/ustreamer/ustreamer.
[06/18/23 10:58:35] crowsnest: Dependency: 'camera-streamer' found in bin/camera-streamer/camera-streamer.
[06/18/23 10:58:35] crowsnest: Version Control: ustreamer is up to date. (v5.48)
[06/18/23 10:58:35] crowsnest: Version Control: camera-streamer is up to date. ((f1627aa))
[06/18/23 10:58:35] crowsnest: INFO: Print Configfile: '/home/admin/printer_data/config/crowsnest.conf'
[06/18/23 10:58:35] crowsnest:		[crowsnest]
[06/18/23 10:58:35] crowsnest:		log_path: /home/admin/printer_data/logs/crowsnest.log
[06/18/23 10:58:35] crowsnest:		log_level: verbose
[06/18/23 10:58:35] crowsnest:		delete_log: false
[06/18/23 10:58:35] crowsnest:		no_proxy: false
[06/18/23 10:58:35] crowsnest:		
[06/18/23 10:58:35] crowsnest:		[cam 1]
[06/18/23 10:58:35] crowsnest:		mode: ustreamer
[06/18/23 10:58:35] crowsnest:		
[06/18/23 10:58:35] crowsnest:		enable_rtsp: false
[06/18/23 10:58:35] crowsnest:		rtsp_port: 8554
[06/18/23 10:58:35] crowsnest:		port: 8080
[06/18/23 10:58:35] crowsnest:		device: /dev/video0
[06/18/23 10:58:35] crowsnest:		resolution: 640x480
[06/18/23 10:58:35] crowsnest:		max_fps: 15
[06/18/23 10:58:35] crowsnest: INFO: Detect available Devices
[06/18/23 10:58:36] crowsnest: ERROR: No usable Devices Found. Stopping crowsnest.
[01/27/24 14:49:13] crowsnest: crowsnest - A webcam Service for multiple Cams and Stream Services.
[01/27/24 14:49:13] crowsnest: Version: v4.1.3-1-gc0c9c41
[01/27/24 14:49:13] crowsnest: Prepare Startup ...
[01/27/24 14:49:13] crowsnest: INFO: Host information:
[01/27/24 14:49:13] crowsnest: Host Info: Distribution: Debian GNU/Linux 11 (bullseye)
[01/27/24 14:49:13] crowsnest: Host Info: Release: MainsailOS release 1.3.2 (bullseye)
[01/27/24 14:49:13] crowsnest: Host Info: Kernel: Linux 6.1.21-v8+ aarch64
[01/27/24 14:49:13] crowsnest: Host Info: Model:  Raspberry Pi 4 Model B Rev 1.1
[01/27/24 14:49:13] crowsnest: Host Info: Available CPU Cores: 4
[01/27/24 14:49:13] crowsnest: Host Info: Available Memory: 3705532 kB
[01/27/24 14:49:13] crowsnest: Host Info: Diskspace (avail. / total): 106G / 116G
[01/27/24 14:49:13] crowsnest: INFO: Checking Dependencies
[01/27/24 14:49:13] crowsnest: Dependency: 'crudini' found in /usr/bin/crudini.
[01/27/24 14:49:13] crowsnest: Dependency: 'find' found in /usr/bin/find.
[01/27/24 14:49:13] crowsnest: Dependency: 'xargs' found in /usr/bin/xargs.
[01/27/24 14:49:13] crowsnest: Dependency: 'ustreamer' found in bin/ustreamer/ustreamer.
[01/27/24 14:49:13] crowsnest: Dependency: 'camera-streamer' found in bin/camera-streamer/camera-streamer.
[01/27/24 14:49:14] crowsnest: Version Control: ustreamer is up to date. (v5.48)
[01/27/24 14:49:14] crowsnest: Version Control: camera-streamer is up to date. ((f1627aa))
[01/27/24 14:49:14] crowsnest: INFO: Print Configfile: '/home/admin/printer_data/config/crowsnest.conf'
[01/27/24 14:49:14] crowsnest:		[crowsnest]
[01/27/24 14:49:14] crowsnest:		log_path: /home/admin/printer_data/logs/crowsnest.log
[01/27/24 14:49:14] crowsnest:		log_level: verbose
[01/27/24 14:49:14] crowsnest:		delete_log: false
[01/27/24 14:49:14] crowsnest:		no_proxy: false
[01/27/24 14:49:14] crowsnest:		
[01/27/24 14:49:14] crowsnest:		[cam 1]
[01/27/24 14:49:14] crowsnest:		mode: ustreamer
[01/27/24 14:49:14] crowsnest:		
[01/27/24 14:49:14] crowsnest:		enable_rtsp: false
[01/27/24 14:49:14] crowsnest:		rtsp_port: 8554
[01/27/24 14:49:14] crowsnest:		port: 8080
[01/27/24 14:49:14] crowsnest:		device: /dev/video0
[01/27/24 14:49:14] crowsnest:		resolution: 640x480
[01/27/24 14:49:14] crowsnest:		max_fps: 15
[01/27/24 14:49:14] crowsnest: INFO: Detect available Devices
[01/27/24 14:49:14] crowsnest: ERROR: No usable Devices Found. Stopping crowsnest.
[01/27/24 14:49:20] crowsnest: crowsnest - A webcam Service for multiple Cams and Stream Services.
[01/27/24 14:49:20] crowsnest: Version: v4.1.3-1-gc0c9c41
[01/27/24 14:49:20] crowsnest: Prepare Startup ...
[01/27/24 14:49:20] crowsnest: INFO: Host information:
[01/27/24 14:49:20] crowsnest: Host Info: Distribution: Debian GNU/Linux 11 (bullseye)
[01/27/24 14:49:20] crowsnest: Host Info: Release: MainsailOS release 1.3.2 (bullseye)
[01/27/24 14:49:20] crowsnest: Host Info: Kernel: Linux 6.1.21-v8+ aarch64
[01/27/24 14:49:20] crowsnest: Host Info: Model:  Raspberry Pi 4 Model B Rev 1.1
[01/27/24 14:49:20] crowsnest: Host Info: Available CPU Cores: 4
[01/27/24 14:49:20] crowsnest: Host Info: Available Memory: 3705532 kB
[01/27/24 14:49:20] crowsnest: Host Info: Diskspace (avail. / total): 106G / 116G
[01/27/24 14:49:20] crowsnest: INFO: Checking Dependencies
[01/27/24 14:49:20] crowsnest: Dependency: 'crudini' found in /usr/bin/crudini.
[01/27/24 14:49:20] crowsnest: Dependency: 'find' found in /usr/bin/find.
[01/27/24 14:49:20] crowsnest: Dependency: 'xargs' found in /usr/bin/xargs.
[01/27/24 14:49:20] crowsnest: Dependency: 'ustreamer' found in bin/ustreamer/ustreamer.
[01/27/24 14:49:20] crowsnest: Dependency: 'camera-streamer' found in bin/camera-streamer/camera-streamer.
[01/27/24 14:49:20] crowsnest: Version Control: ustreamer is up to date. (v5.48)
[01/27/24 14:49:20] crowsnest: Version Control: camera-streamer is up to date. ((f1627aa))
[01/27/24 14:49:20] crowsnest: INFO: Print Configfile: '/home/admin/printer_data/config/crowsnest.conf'
[01/27/24 14:49:20] crowsnest:		[crowsnest]
[01/27/24 14:49:20] crowsnest:		log_path: /home/admin/printer_data/logs/crowsnest.log
[01/27/24 14:49:20] crowsnest:		log_level: verbose
[01/27/24 14:49:20] crowsnest:		delete_log: false
[01/27/24 14:49:20] crowsnest:		no_proxy: false
[01/27/24 14:49:20] crowsnest:		
[01/27/24 14:49:20] crowsnest:		[cam 1]
[01/27/24 14:49:20] crowsnest:		mode: ustreamer
[01/27/24 14:49:20] crowsnest:		
[01/27/24 14:49:20] crowsnest:		enable_rtsp: false
[01/27/24 14:49:20] crowsnest:		rtsp_port: 8554
[01/27/24 14:49:20] crowsnest:		port: 8080
[01/27/24 14:49:20] crowsnest:		device: /dev/video0
[01/27/24 14:49:20] crowsnest:		resolution: 640x480
[01/27/24 14:49:20] crowsnest:		max_fps: 15
[01/27/24 14:49:20] crowsnest: INFO: Detect available Devices
[01/27/24 14:49:20] crowsnest: ERROR: No usable Devices Found. Stopping crowsnest.
[01/27/24 14:49:26] crowsnest: crowsnest - A webcam Service for multiple Cams and Stream Services.
[01/27/24 14:49:26] crowsnest: Version: v4.1.3-1-gc0c9c41
[01/27/24 14:49:26] crowsnest: Prepare Startup ...
[01/27/24 14:49:26] crowsnest: INFO: Host information:
[01/27/24 14:49:26] crowsnest: Host Info: Distribution: Debian GNU/Linux 11 (bullseye)
[01/27/24 14:49:26] crowsnest: Host Info: Release: MainsailOS release 1.3.2 (bullseye)
[01/27/24 14:49:26] crowsnest: Host Info: Kernel: Linux 6.1.21-v8+ aarch64
[01/27/24 14:49:26] crowsnest: Host Info: Model:  Raspberry Pi 4 Model B Rev 1.1
[01/27/24 14:49:26] crowsnest: Host Info: Available CPU Cores: 4
[01/27/24 14:49:26] crowsnest: Host Info: Available Memory: 3705532 kB
[01/27/24 14:49:26] crowsnest: Host Info: Diskspace (avail. / total): 106G / 116G
[01/27/24 14:49:26] crowsnest: INFO: Checking Dependencies
[01/27/24 14:49:26] crowsnest: Dependency: 'crudini' found in /usr/bin/crudini.
[01/27/24 14:49:26] crowsnest: Dependency: 'find' found in /usr/bin/find.
[01/27/24 14:49:26] crowsnest: Dependency: 'xargs' found in /usr/bin/xargs.
[01/27/24 14:49:26] crowsnest: Dependency: 'ustreamer' found in bin/ustreamer/ustreamer.
[01/27/24 14:49:26] crowsnest: Dependency: 'camera-streamer' found in bin/camera-streamer/camera-streamer.
[01/27/24 14:49:26] crowsnest: Version Control: ustreamer is up to date. (v5.48)
[01/27/24 14:49:26] crowsnest: Version Control: camera-streamer is up to date. ((f1627aa))
[01/27/24 14:49:26] crowsnest: INFO: Print Configfile: '/home/admin/printer_data/config/crowsnest.conf'
[01/27/24 14:49:26] crowsnest:		[crowsnest]
[01/27/24 14:49:26] crowsnest:		log_path: /home/admin/printer_data/logs/crowsnest.log
[01/27/24 14:49:26] crowsnest:		log_level: verbose
[01/27/24 14:49:26] crowsnest:		delete_log: false
[01/27/24 14:49:26] crowsnest:		no_proxy: false
[01/27/24 14:49:26] crowsnest:		
[01/27/24 14:49:26] crowsnest:		[cam 1]
[01/27/24 14:49:26] crowsnest:		mode: ustreamer
[01/27/24 14:49:26] crowsnest:		
[01/27/24 14:49:26] crowsnest:		enable_rtsp: false
[01/27/24 14:49:26] crowsnest:		rtsp_port: 8554
[01/27/24 14:49:26] crowsnest:		port: 8080
[01/27/24 14:49:26] crowsnest:		device: /dev/video0
[01/27/24 14:49:26] crowsnest:		resolution: 640x480
[01/27/24 14:49:26] crowsnest:		max_fps: 15
[01/27/24 14:49:26] crowsnest: INFO: Detect available Devices
[01/27/24 14:49:26] crowsnest: ERROR: No usable Devices Found. Stopping crowsnest.
[01/27/24 14:49:32] crowsnest: crowsnest - A webcam Service for multiple Cams and Stream Services.
[01/27/24 14:49:32] crowsnest: Version: v4.1.3-1-gc0c9c41
[01/27/24 14:49:32] crowsnest: Prepare Startup ...
[01/27/24 14:49:32] crowsnest: INFO: Host information:
[01/27/24 14:49:32] crowsnest: Host Info: Distribution: Debian GNU/Linux 11 (bullseye)
[01/27/24 14:49:32] crowsnest: Host Info: Release: MainsailOS release 1.3.2 (bullseye)
[01/27/24 14:49:32] crowsnest: Host Info: Kernel: Linux 6.1.21-v8+ aarch64
[01/27/24 14:49:32] crowsnest: Host Info: Model:  Raspberry Pi 4 Model B Rev 1.1
[01/27/24 14:49:32] crowsnest: Host Info: Available CPU Cores: 4
[01/27/24 14:49:32] crowsnest: Host Info: Available Memory: 3705532 kB
[01/27/24 14:49:32] crowsnest: Host Info: Diskspace (avail. / total): 106G / 116G
[01/27/24 14:49:32] crowsnest: INFO: Checking Dependencies
[01/27/24 14:49:32] crowsnest: Dependency: 'crudini' found in /usr/bin/crudini.
[01/27/24 14:49:32] crowsnest: Dependency: 'find' found in /usr/bin/find.
[01/27/24 14:49:32] crowsnest: Dependency: 'xargs' found in /usr/bin/xargs.
[01/27/24 14:49:32] crowsnest: Dependency: 'ustreamer' found in bin/ustreamer/ustreamer.
[01/27/24 14:49:32] crowsnest: Dependency: 'camera-streamer' found in bin/camera-streamer/camera-streamer.
[01/27/24 14:49:32] crowsnest: Version Control: ustreamer is up to date. (v5.48)
[01/27/24 14:49:33] crowsnest: Version Control: camera-streamer is up to date. ((f1627aa))
[01/27/24 14:49:33] crowsnest: INFO: Print Configfile: '/home/admin/printer_data/config/crowsnest.conf'
[01/27/24 14:49:33] crowsnest:		[crowsnest]
[01/27/24 14:49:33] crowsnest:		log_path: /home/admin/printer_data/logs/crowsnest.log
[01/27/24 14:49:33] crowsnest:		log_level: verbose
[01/27/24 14:49:33] crowsnest:		delete_log: false
[01/27/24 14:49:33] crowsnest:		no_proxy: false
[01/27/24 14:49:33] crowsnest:		
[01/27/24 14:49:33] crowsnest:		[cam 1]
[01/27/24 14:49:33] crowsnest:		mode: ustreamer
[01/27/24 14:49:33] crowsnest:		
[01/27/24 14:49:33] crowsnest:		enable_rtsp: false
[01/27/24 14:49:33] crowsnest:		rtsp_port: 8554
[01/27/24 14:49:33] crowsnest:		port: 8080
[01/27/24 14:49:33] crowsnest:		device: /dev/video0
[01/27/24 14:49:33] crowsnest:		resolution: 640x480
[01/27/24 14:49:33] crowsnest:		max_fps: 15
[01/27/24 14:49:33] crowsnest: INFO: Detect available Devices
[01/27/24 14:49:33] crowsnest: ERROR: No usable Devices Found. Stopping crowsnest.
