2024-01-27 14:59:37,313      INFO  obico.app - Fetching linked printer...
2024-01-27 14:59:42,548      INFO  obico.app - Linked printer: {'is_pro': True, 'id': 163299, 'name': 'My Ender3 V2 NEO Cloud Printer', 'retract_on_pause': 6.5}
2024-01-27 14:59:42,557   WARNING  obico.app - Connections not ready. Trying again in 1s...
2024-01-27 14:59:42,558   WARNING  obico.moonraker_conn - api key is unset, trying to fetch one
2024-01-27 14:59:42,587      INFO  obico.moonraker_conn - connection is open
2024-01-27 14:59:42,597      INFO  backoff - Backing off wait_for_klippy_ready(...) for 0.3s (False)
2024-01-27 14:59:42,869      INFO  backoff - Backing off wait_for_klippy_ready(...) for 1.0s (False)
2024-01-27 14:59:43,643      INFO  obico.janus - Starting webcam streamer
2024-01-27 14:59:43,648      INFO  obico.webcam_stream - Trying to start ffmpeg using camera-streamer H.264 source
2024-01-27 14:59:43,911      INFO  backoff - Backing off wait_for_klippy_ready(...) for 1.0s (False)
2024-01-27 14:59:44,340     ERROR  obico.webcam_stream - STDOUT:
None
STDERR:
b'[tcp @ 0x559e4fc150] Connection to tcp://127.0.0.1:8080 failed: Connection refused\nhttp://127.0.0.1:8080/video.mp4: Connection refused\n'

2024-01-27 14:59:44,341      INFO  obico.webcam_stream - No camera-stream H.264 source found. Continue to legacy streaming: ffmpeg failed! Exit code: 1
2024-01-27 14:59:44,653      INFO  backoff - Backing off wait_for_janus(...) for 0.0s (ConnectionRefusedError: [Errno 111] Connection refused)
2024-01-27 14:59:44,935      INFO  backoff - Backing off wait_for_klippy_ready(...) for 7.6s (False)
2024-01-27 14:59:45,369     ERROR  obico.utils - 
Traceback (most recent call last):
  File "/home/admin/moonraker-obico/moonraker_obico/webcam_stream.py", line 101, in video_pipeline
    self.ffmpeg_from_mjpeg()
  File "/home/admin/moonraker-obico/moonraker_obico/webcam_stream.py", line 153, in ffmpeg_from_mjpeg
    raise Exception('stream_url not configured. Unable to stream the webcam.')
Exception: stream_url not configured. Unable to stream the webcam.
2024-01-27 14:59:52,550      INFO  backoff - Backing off wait_for_klippy_ready(...) for 2.5s (False)
2024-01-27 14:59:55,083      INFO  backoff - Backing off wait_for_klippy_ready(...) for 19.0s (False)
2024-01-27 15:00:14,121      INFO  backoff - Backing off wait_for_klippy_ready(...) for 29.7s (False)
2024-01-27 15:00:43,849      INFO  backoff - Backing off wait_for_klippy_ready(...) for 42.2s (False)
2024-01-27 15:01:26,092      INFO  backoff - Backing off wait_for_klippy_ready(...) for 28.4s (False)
2024-01-27 15:01:54,545      INFO  backoff - Backing off wait_for_klippy_ready(...) for 18.2s (False)
2024-01-27 15:02:12,789      INFO  backoff - Backing off wait_for_klippy_ready(...) for 1.4s (False)
2024-01-27 15:02:14,253      INFO  backoff - Backing off wait_for_klippy_ready(...) for 24.8s (False)
2024-01-27 15:02:39,102      INFO  backoff - Backing off wait_for_klippy_ready(...) for 4.2s (False)
2024-01-27 15:02:43,341      INFO  backoff - Backing off wait_for_klippy_ready(...) for 58.5s (False)
2024-01-27 15:03:41,945      INFO  backoff - Backing off wait_for_klippy_ready(...) for 52.0s (False)
2024-01-27 15:04:34,005      INFO  backoff - Backing off wait_for_klippy_ready(...) for 30.3s (False)
2024-01-27 15:05:04,382      INFO  backoff - Backing off wait_for_klippy_ready(...) for 21.5s (False)
2024-01-27 15:05:25,950      INFO  backoff - Backing off wait_for_klippy_ready(...) for 52.4s (False)
2024-01-27 15:06:17,749      INFO  backoff - Backing off wait_for_klippy_ready(...) for 14.3s (False)
2024-01-27 15:06:32,671      INFO  backoff - Backing off wait_for_klippy_ready(...) for 36.1s (False)
2024-01-27 15:07:08,812      INFO  backoff - Backing off wait_for_klippy_ready(...) for 54.5s (False)
2024-01-27 15:07:26,468      INFO  backoff - Backing off capture_jpeg(...) for 0.4s (Exception: Invalid Webcam snapshot URL "" or stream URL: "")
2024-01-27 15:07:26,853      INFO  backoff - Backing off capture_jpeg(...) for 1.0s (Exception: Invalid Webcam snapshot URL "" or stream URL: "")
2024-01-27 15:07:27,876     ERROR  backoff - Giving up capture_jpeg(...) after 3 tries (Exception: Invalid Webcam snapshot URL "" or stream URL: "")
2024-01-27 15:07:27,877     ERROR  obico.utils - 
Traceback (most recent call last):
  File "/home/admin/moonraker-obico/moonraker_obico/webcam_capture.py", line 138, in pic_post_loop
    self.post_pic_to_server(viewing_boost=True)
  File "/home/admin/moonraker-obico/moonraker_obico/webcam_capture.py", line 121, in post_pic_to_server
    files = {'pic': capture_jpeg(self.config.webcam)}
  File "/home/admin/moonraker-obico-env/lib/python3.9/site-packages/backoff/_sync.py", line 94, in retry
    ret = target(*args, **kwargs)
  File "/home/admin/moonraker-obico-env/lib/python3.9/site-packages/backoff/_sync.py", line 43, in retry
    ret = target(*args, **kwargs)
  File "/home/admin/moonraker-obico/moonraker_obico/webcam_capture.py", line 59, in capture_jpeg
    raise Exception('Invalid Webcam snapshot URL "{}" or stream URL: "{}"'.format(webcam_config.snapshot_url, webcam_config.stream_url))
Exception: Invalid Webcam snapshot URL "" or stream URL: ""
2024-01-27 15:07:38,297      INFO  backoff - Backing off capture_jpeg(...) for 0.4s (Exception: Invalid Webcam snapshot URL "" or stream URL: "")
2024-01-27 15:07:38,664      INFO  backoff - Backing off capture_jpeg(...) for 0.7s (Exception: Invalid Webcam snapshot URL "" or stream URL: "")
2024-01-27 15:07:39,364     ERROR  backoff - Giving up capture_jpeg(...) after 3 tries (Exception: Invalid Webcam snapshot URL "" or stream URL: "")
2024-01-27 15:07:39,365     ERROR  obico.utils - 
Traceback (most recent call last):
  File "/home/admin/moonraker-obico/moonraker_obico/webcam_capture.py", line 138, in pic_post_loop
    self.post_pic_to_server(viewing_boost=True)
  File "/home/admin/moonraker-obico/moonraker_obico/webcam_capture.py", line 121, in post_pic_to_server
    files = {'pic': capture_jpeg(self.config.webcam)}
  File "/home/admin/moonraker-obico-env/lib/python3.9/site-packages/backoff/_sync.py", line 94, in retry
    ret = target(*args, **kwargs)
  File "/home/admin/moonraker-obico-env/lib/python3.9/site-packages/backoff/_sync.py", line 43, in retry
    ret = target(*args, **kwargs)
  File "/home/admin/moonraker-obico/moonraker_obico/webcam_capture.py", line 59, in capture_jpeg
    raise Exception('Invalid Webcam snapshot URL "{}" or stream URL: "{}"'.format(webcam_config.snapshot_url, webcam_config.stream_url))
Exception: Invalid Webcam snapshot URL "" or stream URL: ""
2024-01-27 15:07:42,337      INFO  backoff - Backing off capture_jpeg(...) for 0.8s (Exception: Invalid Webcam snapshot URL "" or stream URL: "")
2024-01-27 15:07:43,187      INFO  backoff - Backing off capture_jpeg(...) for 0.2s (Exception: Invalid Webcam snapshot URL "" or stream URL: "")
2024-01-27 15:07:43,405     ERROR  backoff - Giving up capture_jpeg(...) after 3 tries (Exception: Invalid Webcam snapshot URL "" or stream URL: "")
2024-01-27 15:07:43,406     ERROR  obico.utils - 
Traceback (most recent call last):
  File "/home/admin/moonraker-obico/moonraker_obico/webcam_capture.py", line 138, in pic_post_loop
    self.post_pic_to_server(viewing_boost=True)
  File "/home/admin/moonraker-obico/moonraker_obico/webcam_capture.py", line 121, in post_pic_to_server
    files = {'pic': capture_jpeg(self.config.webcam)}
  File "/home/admin/moonraker-obico-env/lib/python3.9/site-packages/backoff/_sync.py", line 94, in retry
    ret = target(*args, **kwargs)
  File "/home/admin/moonraker-obico-env/lib/python3.9/site-packages/backoff/_sync.py", line 43, in retry
    ret = target(*args, **kwargs)
  File "/home/admin/moonraker-obico/moonraker_obico/webcam_capture.py", line 59, in capture_jpeg
    raise Exception('Invalid Webcam snapshot URL "{}" or stream URL: "{}"'.format(webcam_config.snapshot_url, webcam_config.stream_url))
Exception: Invalid Webcam snapshot URL "" or stream URL: ""
2024-01-27 15:07:45,341      INFO  backoff - Backing off capture_jpeg(...) for 0.7s (Exception: Invalid Webcam snapshot URL "" or stream URL: "")
2024-01-27 15:07:46,056      INFO  backoff - Backing off capture_jpeg(...) for 1.3s (Exception: Invalid Webcam snapshot URL "" or stream URL: "")
2024-01-27 15:07:47,408     ERROR  backoff - Giving up capture_jpeg(...) after 3 tries (Exception: Invalid Webcam snapshot URL "" or stream URL: "")
2024-01-27 15:07:47,409     ERROR  obico.utils - 
Traceback (most recent call last):
  File "/home/admin/moonraker-obico/moonraker_obico/webcam_capture.py", line 138, in pic_post_loop
    self.post_pic_to_server(viewing_boost=True)
  File "/home/admin/moonraker-obico/moonraker_obico/webcam_capture.py", line 121, in post_pic_to_server
    files = {'pic': capture_jpeg(self.config.webcam)}
  File "/home/admin/moonraker-obico-env/lib/python3.9/site-packages/backoff/_sync.py", line 94, in retry
    ret = target(*args, **kwargs)
  File "/home/admin/moonraker-obico-env/lib/python3.9/site-packages/backoff/_sync.py", line 43, in retry
    ret = target(*args, **kwargs)
  File "/home/admin/moonraker-obico/moonraker_obico/webcam_capture.py", line 59, in capture_jpeg
    raise Exception('Invalid Webcam snapshot URL "{}" or stream URL: "{}"'.format(webcam_config.snapshot_url, webcam_config.stream_url))
Exception: Invalid Webcam snapshot URL "" or stream URL: ""
2024-01-27 15:08:03,856      INFO  backoff - Backing off wait_for_klippy_ready(...) for 26.5s (False)
2024-01-27 15:08:30,358      INFO  backoff - Backing off wait_for_klippy_ready(...) for 41.8s (False)
2024-01-27 15:09:12,463      INFO  backoff - Backing off wait_for_klippy_ready(...) for 38.3s (False)
2024-01-27 15:09:23,150      INFO  obico.app - Fetching linked printer...
2024-01-27 15:09:23,383      INFO  obico.app - Linked printer: {'is_pro': True, 'id': 163299, 'name': 'My Ender3 V2 NEO Cloud Printer', 'retract_on_pause': 6.5}
2024-01-27 15:09:23,393   WARNING  obico.app - Connections not ready. Trying again in 1s...
2024-01-27 15:09:23,398   WARNING  obico.moonraker_conn - api key is unset, trying to fetch one
2024-01-27 15:09:24,240      INFO  backoff - Backing off ensure_api_key(...) for 0.7s (requests.exceptions.ConnectionError: HTTPConnectionPool(host='127.0.0.1', port=7125): Max retries exceeded with url: /access/api_key (Caused by NewConnectionError('<urllib3.connection.HTTPConnection object at 0x7f85407a30>: Failed to establish a new connection: [Errno 111] Connection refused')))
2024-01-27 15:09:24,396   WARNING  obico.app - Connections not ready. Trying again in 1s...
2024-01-27 15:09:24,932   WARNING  obico.moonraker_conn - api key is unset, trying to fetch one
2024-01-27 15:09:24,941      INFO  backoff - Backing off ensure_api_key(...) for 2.0s (requests.exceptions.ConnectionError: HTTPConnectionPool(host='127.0.0.1', port=7125): Max retries exceeded with url: /access/api_key (Caused by NewConnectionError('<urllib3.connection.HTTPConnection object at 0x7f8540c850>: Failed to establish a new connection: [Errno 111] Connection refused')))
2024-01-27 15:09:25,398   WARNING  obico.app - Connections not ready. Trying again in 1s...
2024-01-27 15:09:26,400   WARNING  obico.app - Connections not ready. Trying again in 1s...
2024-01-27 15:09:26,906   WARNING  obico.moonraker_conn - api key is unset, trying to fetch one
2024-01-27 15:09:26,911      INFO  backoff - Backing off ensure_api_key(...) for 0.9s (requests.exceptions.ConnectionError: HTTPConnectionPool(host='127.0.0.1', port=7125): Max retries exceeded with url: /access/api_key (Caused by NewConnectionError('<urllib3.connection.HTTPConnection object at 0x7f8430e2b0>: Failed to establish a new connection: [Errno 111] Connection refused')))
2024-01-27 15:09:27,402   WARNING  obico.app - Connections not ready. Trying again in 1s...
2024-01-27 15:09:27,790   WARNING  obico.moonraker_conn - api key is unset, trying to fetch one
2024-01-27 15:09:27,795      INFO  backoff - Backing off ensure_api_key(...) for 1.1s (requests.exceptions.ConnectionError: HTTPConnectionPool(host='127.0.0.1', port=7125): Max retries exceeded with url: /access/api_key (Caused by NewConnectionError('<urllib3.connection.HTTPConnection object at 0x7f8430ec40>: Failed to establish a new connection: [Errno 111] Connection refused')))
2024-01-27 15:09:28,403   WARNING  obico.app - Connections not ready. Trying again in 1s...
2024-01-27 15:09:28,902   WARNING  obico.moonraker_conn - api key is unset, trying to fetch one
2024-01-27 15:09:28,924      INFO  obico.moonraker_conn - connection is open
2024-01-27 15:09:28,937      INFO  backoff - Backing off wait_for_klippy_ready(...) for 0.0s (False)
2024-01-27 15:09:28,974      INFO  backoff - Backing off wait_for_klippy_ready(...) for 1.0s (False)
2024-01-27 15:09:29,511      INFO  obico.janus - Starting webcam streamer
2024-01-27 15:09:29,515      INFO  obico.webcam_stream - Trying to start ffmpeg using camera-streamer H.264 source
2024-01-27 15:09:29,859     ERROR  obico.webcam_stream - STDOUT:
None
STDERR:
b'[tcp @ 0x55c08df150] Connection to tcp://127.0.0.1:8080 failed: Connection refused\nhttp://127.0.0.1:8080/video.mp4: Connection refused\n'

2024-01-27 15:09:29,861      INFO  obico.webcam_stream - No camera-stream H.264 source found. Continue to legacy streaming: ffmpeg failed! Exit code: 1
2024-01-27 15:09:30,040      INFO  backoff - Backing off wait_for_klippy_ready(...) for 3.7s (False)
2024-01-27 15:09:30,655     ERROR  obico.utils - 
Traceback (most recent call last):
  File "/home/admin/moonraker-obico/moonraker_obico/webcam_stream.py", line 101, in video_pipeline
    self.ffmpeg_from_mjpeg()
  File "/home/admin/moonraker-obico/moonraker_obico/webcam_stream.py", line 153, in ffmpeg_from_mjpeg
    raise Exception('stream_url not configured. Unable to stream the webcam.')
Exception: stream_url not configured. Unable to stream the webcam.
2024-01-27 15:09:33,713      INFO  backoff - Backing off wait_for_klippy_ready(...) for 2.8s (False)
2024-01-27 15:09:36,543      INFO  backoff - Backing off wait_for_klippy_ready(...) for 2.1s (False)
2024-01-27 15:09:38,609      INFO  backoff - Backing off wait_for_klippy_ready(...) for 28.3s (False)
2024-01-27 15:10:06,979      INFO  backoff - Backing off wait_for_klippy_ready(...) for 36.6s (False)
2024-01-27 15:10:43,141      INFO  backoff - Backing off wait_for_klippy_ready(...) for 39.6s (False)
2024-01-27 15:11:23,544      INFO  backoff - Backing off wait_for_klippy_ready(...) for 39.3s (False)
2024-01-27 15:12:03,365      INFO  backoff - Backing off wait_for_klippy_ready(...) for 0.2s (False)
2024-01-27 15:12:03,560      INFO  backoff - Backing off wait_for_klippy_ready(...) for 39.8s (False)
2024-01-27 15:12:43,363      INFO  backoff - Backing off wait_for_klippy_ready(...) for 5.5s (False)
2024-01-27 15:12:48,903      INFO  backoff - Backing off wait_for_klippy_ready(...) for 15.3s (False)
2024-01-27 15:13:03,746      INFO  backoff - Backing off wait_for_klippy_ready(...) for 31.5s (False)
2024-01-27 15:13:36,094      INFO  backoff - Backing off wait_for_klippy_ready(...) for 22.2s (False)
2024-01-27 15:13:58,359      INFO  backoff - Backing off wait_for_klippy_ready(...) for 21.4s (False)
2024-01-27 15:14:19,764      INFO  backoff - Backing off wait_for_klippy_ready(...) for 49.8s (False)
2024-01-27 15:15:09,822      INFO  backoff - Backing off wait_for_klippy_ready(...) for 57.2s (False)
2024-01-27 15:16:07,045      INFO  backoff - Backing off wait_for_klippy_ready(...) for 58.2s (False)
2024-01-27 15:17:05,523      INFO  backoff - Backing off wait_for_klippy_ready(...) for 20.8s (False)
2024-01-27 15:17:26,385      INFO  backoff - Backing off wait_for_klippy_ready(...) for 14.5s (False)
2024-01-27 15:17:40,873      INFO  backoff - Backing off wait_for_klippy_ready(...) for 50.1s (False)
2024-01-27 15:18:31,280      INFO  backoff - Backing off wait_for_klippy_ready(...) for 19.3s (False)
2024-01-27 15:18:50,589      INFO  backoff - Backing off wait_for_klippy_ready(...) for 15.7s (False)
2024-01-27 15:19:06,294      INFO  backoff - Backing off wait_for_klippy_ready(...) for 22.8s (False)
2024-01-27 15:19:29,603      INFO  backoff - Backing off wait_for_klippy_ready(...) for 19.5s (False)
2024-01-27 15:19:49,105      INFO  backoff - Backing off wait_for_klippy_ready(...) for 16.2s (False)
2024-01-27 15:20:05,326      INFO  backoff - Backing off wait_for_klippy_ready(...) for 8.6s (False)
2024-01-27 15:20:13,954      INFO  backoff - Backing off wait_for_klippy_ready(...) for 18.5s (False)
2024-01-27 15:20:32,000      INFO  backoff - Backing off wait_for_klippy_ready(...) for 44.2s (False)
2024-01-27 15:21:17,031      INFO  backoff - Backing off wait_for_klippy_ready(...) for 39.2s (False)
2024-01-27 15:21:56,327      INFO  backoff - Backing off wait_for_klippy_ready(...) for 15.0s (False)
2024-01-27 15:22:10,804      INFO  backoff - Backing off wait_for_klippy_ready(...) for 39.7s (False)
2024-01-27 15:22:51,321      INFO  backoff - Backing off wait_for_klippy_ready(...) for 29.8s (False)
2024-01-27 15:23:21,116      INFO  backoff - Backing off wait_for_klippy_ready(...) for 34.2s (False)
2024-01-27 15:23:54,794      INFO  backoff - Backing off wait_for_klippy_ready(...) for 45.8s (False)
2024-01-27 15:24:41,380      INFO  backoff - Backing off wait_for_klippy_ready(...) for 20.7s (False)
2024-01-27 15:25:02,118      INFO  backoff - Backing off wait_for_klippy_ready(...) for 10.5s (False)
2024-01-27 15:25:12,627      INFO  backoff - Backing off wait_for_klippy_ready(...) for 16.5s (False)
2024-01-27 15:25:28,667      INFO  backoff - Backing off wait_for_klippy_ready(...) for 57.4s (False)
2024-01-27 15:26:26,827      INFO  backoff - Backing off wait_for_klippy_ready(...) for 8.7s (False)
2024-01-27 15:26:35,537      INFO  backoff - Backing off wait_for_klippy_ready(...) for 5.7s (False)
2024-01-27 15:26:41,290      INFO  backoff - Backing off wait_for_klippy_ready(...) for 16.1s (False)
2024-01-27 15:26:57,874      INFO  backoff - Backing off wait_for_klippy_ready(...) for 39.2s (False)
2024-01-27 15:27:37,149      INFO  backoff - Backing off wait_for_klippy_ready(...) for 4.1s (False)
2024-01-27 15:27:41,313      INFO  backoff - Backing off wait_for_klippy_ready(...) for 9.5s (False)
2024-01-27 15:27:50,867      INFO  backoff - Backing off wait_for_klippy_ready(...) for 37.0s (False)
2024-01-27 15:28:27,452      INFO  backoff - Backing off wait_for_klippy_ready(...) for 3.1s (False)
2024-01-27 15:28:30,581      INFO  backoff - Backing off wait_for_klippy_ready(...) for 41.1s (False)
2024-01-27 15:29:12,431      INFO  backoff - Backing off wait_for_klippy_ready(...) for 27.3s (False)
2024-01-27 15:29:39,271      INFO  backoff - Backing off wait_for_klippy_ready(...) for 41.8s (False)
2024-01-27 15:30:21,911      INFO  backoff - Backing off wait_for_klippy_ready(...) for 12.4s (False)
2024-01-27 15:30:34,300      INFO  backoff - Backing off wait_for_klippy_ready(...) for 9.2s (False)
2024-01-27 15:30:43,478      INFO  backoff - Backing off wait_for_klippy_ready(...) for 30.4s (False)
2024-01-27 15:31:13,468      INFO  backoff - Backing off wait_for_klippy_ready(...) for 10.6s (False)
2024-01-27 15:31:24,072      INFO  backoff - Backing off wait_for_klippy_ready(...) for 24.4s (False)
2024-01-27 15:31:49,294      INFO  backoff - Backing off wait_for_klippy_ready(...) for 2.4s (False)
2024-01-27 15:31:51,709      INFO  backoff - Backing off wait_for_klippy_ready(...) for 16.3s (False)
2024-01-27 15:32:08,075      INFO  backoff - Backing off wait_for_klippy_ready(...) for 52.7s (False)
2024-01-27 15:33:00,352      INFO  backoff - Backing off wait_for_klippy_ready(...) for 46.7s (False)
2024-01-27 15:33:47,808      INFO  backoff - Backing off wait_for_klippy_ready(...) for 31.0s (False)
2024-01-27 15:34:18,848      INFO  backoff - Backing off wait_for_klippy_ready(...) for 54.4s (False)
2024-01-27 15:35:13,772      INFO  backoff - Backing off wait_for_klippy_ready(...) for 21.1s (False)
2024-01-27 15:35:34,356      INFO  backoff - Backing off wait_for_klippy_ready(...) for 1.8s (False)
2024-01-27 15:35:36,166      INFO  backoff - Backing off wait_for_klippy_ready(...) for 6.9s (False)
2024-01-27 15:35:43,052      INFO  backoff - Backing off wait_for_klippy_ready(...) for 8.7s (False)
2024-01-27 15:35:51,819      INFO  backoff - Backing off wait_for_klippy_ready(...) for 36.2s (False)
2024-01-27 15:36:28,826      INFO  backoff - Backing off wait_for_klippy_ready(...) for 29.0s (False)
2024-01-27 15:36:57,815      INFO  backoff - Backing off wait_for_klippy_ready(...) for 3.2s (False)
2024-01-27 15:37:01,076      INFO  backoff - Backing off wait_for_klippy_ready(...) for 5.6s (False)
2024-01-27 15:37:06,711      INFO  backoff - Backing off wait_for_klippy_ready(...) for 26.6s (False)
2024-01-27 15:37:32,878      INFO  backoff - Backing off wait_for_klippy_ready(...) for 11.7s (False)
2024-01-27 15:37:45,379      INFO  backoff - Backing off wait_for_klippy_ready(...) for 29.0s (False)
2024-01-27 15:38:14,438      INFO  backoff - Backing off wait_for_klippy_ready(...) for 4.3s (False)
2024-01-27 15:38:18,733      INFO  backoff - Backing off wait_for_klippy_ready(...) for 55.1s (False)
2024-01-27 15:39:13,375      INFO  backoff - Backing off wait_for_klippy_ready(...) for 38.2s (False)
2024-01-27 15:39:52,325      INFO  backoff - Backing off wait_for_klippy_ready(...) for 22.3s (False)
2024-01-27 15:40:14,675      INFO  backoff - Backing off wait_for_klippy_ready(...) for 30.3s (False)
2024-01-27 15:40:44,477      INFO  backoff - Backing off wait_for_klippy_ready(...) for 9.7s (False)
2024-01-27 15:40:54,151      INFO  backoff - Backing off wait_for_klippy_ready(...) for 48.6s (False)
2024-01-27 15:41:43,537      INFO  backoff - Backing off wait_for_klippy_ready(...) for 28.8s (False)
2024-01-27 15:42:12,875      INFO  backoff - Backing off wait_for_klippy_ready(...) for 53.4s (False)
2024-01-27 15:43:05,815      INFO  backoff - Backing off wait_for_klippy_ready(...) for 19.6s (False)
2024-01-27 15:43:25,470      INFO  backoff - Backing off wait_for_klippy_ready(...) for 7.9s (False)
2024-01-27 15:43:33,429      INFO  backoff - Backing off wait_for_klippy_ready(...) for 18.6s (False)
2024-01-27 15:43:52,848      INFO  backoff - Backing off wait_for_klippy_ready(...) for 14.6s (False)
2024-01-27 15:44:07,489      INFO  backoff - Backing off wait_for_klippy_ready(...) for 52.9s (False)
2024-01-27 15:44:59,929      INFO  backoff - Backing off wait_for_klippy_ready(...) for 55.0s (False)
2024-01-27 15:45:55,743      INFO  backoff - Backing off wait_for_klippy_ready(...) for 50.9s (False)
2024-01-27 15:46:46,208      INFO  backoff - Backing off wait_for_klippy_ready(...) for 1.6s (False)
2024-01-27 15:46:47,787      INFO  backoff - Backing off wait_for_klippy_ready(...) for 25.3s (False)
2024-01-27 15:47:13,862      INFO  backoff - Backing off wait_for_klippy_ready(...) for 4.8s (False)
2024-01-27 15:47:18,706      INFO  backoff - Backing off wait_for_klippy_ready(...) for 37.9s (False)
2024-01-27 15:47:56,143      INFO  backoff - Backing off wait_for_klippy_ready(...) for 26.3s (False)
2024-01-27 15:48:22,490      INFO  backoff - Backing off wait_for_klippy_ready(...) for 33.4s (False)
2024-01-27 15:48:56,629      INFO  backoff - Backing off wait_for_klippy_ready(...) for 6.8s (False)
2024-01-27 15:49:03,492      INFO  backoff - Backing off wait_for_klippy_ready(...) for 1.2s (False)
2024-01-27 15:49:04,727      INFO  backoff - Backing off wait_for_klippy_ready(...) for 13.7s (False)
2024-01-27 15:49:18,424      INFO  backoff - Backing off wait_for_klippy_ready(...) for 2.9s (False)
2024-01-27 15:49:21,310      INFO  backoff - Backing off wait_for_klippy_ready(...) for 11.7s (False)
2024-01-27 15:49:32,992      INFO  backoff - Backing off wait_for_klippy_ready(...) for 13.6s (False)
2024-01-27 15:49:47,086      INFO  backoff - Backing off wait_for_klippy_ready(...) for 39.4s (False)
2024-01-27 15:50:26,586      INFO  backoff - Backing off wait_for_klippy_ready(...) for 51.9s (False)
2024-01-27 15:51:18,760      INFO  backoff - Backing off wait_for_klippy_ready(...) for 6.9s (False)
2024-01-27 15:51:25,639      INFO  backoff - Backing off wait_for_klippy_ready(...) for 19.9s (False)
2024-01-27 15:51:45,615      INFO  backoff - Backing off wait_for_klippy_ready(...) for 7.2s (False)
2024-01-27 15:51:52,831      INFO  backoff - Backing off wait_for_klippy_ready(...) for 29.5s (False)
2024-01-27 15:52:21,929      INFO  backoff - Backing off wait_for_klippy_ready(...) for 13.7s (False)
2024-01-27 15:52:35,653      INFO  backoff - Backing off wait_for_klippy_ready(...) for 42.5s (False)
2024-01-27 15:53:18,992      INFO  backoff - Backing off wait_for_klippy_ready(...) for 0.8s (False)
2024-01-27 15:53:19,827      INFO  backoff - Backing off wait_for_klippy_ready(...) for 28.9s (False)
2024-01-27 15:53:48,758      INFO  backoff - Backing off wait_for_klippy_ready(...) for 6.3s (False)
2024-01-27 15:53:54,539      INFO  backoff - Backing off wait_for_klippy_ready(...) for 39.3s (False)
2024-01-27 15:54:34,652      INFO  backoff - Backing off wait_for_klippy_ready(...) for 43.1s (False)
2024-01-27 15:55:17,848      INFO  backoff - Backing off wait_for_klippy_ready(...) for 17.8s (False)
2024-01-27 15:55:36,210      INFO  backoff - Backing off wait_for_klippy_ready(...) for 24.6s (False)
2024-01-27 15:56:00,881      INFO  backoff - Backing off wait_for_klippy_ready(...) for 43.3s (False)
2024-01-27 15:56:43,725      INFO  backoff - Backing off wait_for_klippy_ready(...) for 28.0s (False)
2024-01-27 15:57:12,531      INFO  backoff - Backing off wait_for_klippy_ready(...) for 16.3s (False)
2024-01-27 15:57:28,860      INFO  backoff - Backing off wait_for_klippy_ready(...) for 44.0s (False)
2024-01-27 15:58:12,461      INFO  backoff - Backing off wait_for_klippy_ready(...) for 43.2s (False)
2024-01-27 15:58:56,450      INFO  backoff - Backing off wait_for_klippy_ready(...) for 44.6s (False)
2024-01-27 15:59:41,150      INFO  backoff - Backing off wait_for_klippy_ready(...) for 43.7s (False)
2024-01-27 16:00:25,193      INFO  backoff - Backing off wait_for_klippy_ready(...) for 36.4s (False)
2024-01-27 16:01:01,615      INFO  backoff - Backing off wait_for_klippy_ready(...) for 6.4s (False)
2024-01-27 16:01:08,046      INFO  backoff - Backing off wait_for_klippy_ready(...) for 17.8s (False)
2024-01-27 16:01:25,394      INFO  backoff - Backing off wait_for_klippy_ready(...) for 18.2s (False)
2024-01-27 16:01:43,614      INFO  backoff - Backing off wait_for_klippy_ready(...) for 24.2s (False)
2024-01-27 16:02:08,576      INFO  backoff - Backing off wait_for_klippy_ready(...) for 2.9s (False)
2024-01-27 16:02:11,439      INFO  backoff - Backing off wait_for_klippy_ready(...) for 59.9s (False)
2024-01-27 16:03:11,903      INFO  backoff - Backing off wait_for_klippy_ready(...) for 42.6s (False)
2024-01-27 16:03:54,498      INFO  backoff - Backing off wait_for_klippy_ready(...) for 53.1s (False)
2024-01-27 16:04:47,930      INFO  backoff - Backing off wait_for_klippy_ready(...) for 37.0s (False)
2024-01-27 16:05:24,990      INFO  backoff - Backing off wait_for_klippy_ready(...) for 52.8s (False)
2024-01-27 16:06:18,112      INFO  backoff - Backing off wait_for_klippy_ready(...) for 6.9s (False)
2024-01-27 16:06:25,049      INFO  backoff - Backing off wait_for_klippy_ready(...) for 22.3s (False)
2024-01-27 16:06:47,328      INFO  backoff - Backing off wait_for_klippy_ready(...) for 57.8s (False)
2024-01-27 16:07:44,699      INFO  backoff - Backing off wait_for_klippy_ready(...) for 36.1s (False)
2024-01-27 16:08:21,555      INFO  backoff - Backing off wait_for_klippy_ready(...) for 8.4s (False)
2024-01-27 16:08:29,973      INFO  backoff - Backing off wait_for_klippy_ready(...) for 47.6s (False)
2024-01-27 16:09:17,131      INFO  backoff - Backing off wait_for_klippy_ready(...) for 4.5s (False)
2024-01-27 16:09:21,699      INFO  backoff - Backing off wait_for_klippy_ready(...) for 55.0s (False)
2024-01-27 16:10:17,457      INFO  backoff - Backing off wait_for_klippy_ready(...) for 36.5s (False)
2024-01-27 16:10:54,488      INFO  backoff - Backing off wait_for_klippy_ready(...) for 15.1s (False)
2024-01-27 16:11:09,598      INFO  backoff - Backing off wait_for_klippy_ready(...) for 34.3s (False)
2024-01-27 16:11:43,404      INFO  backoff - Backing off wait_for_klippy_ready(...) for 58.5s (False)
2024-01-27 16:12:42,717      INFO  backoff - Backing off wait_for_klippy_ready(...) for 30.1s (False)
2024-01-27 16:13:12,818      INFO  backoff - Backing off wait_for_klippy_ready(...) for 7.7s (False)
2024-01-27 16:13:20,020      INFO  backoff - Backing off wait_for_klippy_ready(...) for 56.4s (False)
2024-01-27 16:14:17,261      INFO  backoff - Backing off wait_for_klippy_ready(...) for 28.5s (False)
2024-01-27 16:14:45,777      INFO  backoff - Backing off wait_for_klippy_ready(...) for 18.6s (False)
2024-01-27 16:15:03,853      INFO  backoff - Backing off wait_for_klippy_ready(...) for 50.1s (False)
2024-01-27 16:15:54,709      INFO  backoff - Backing off wait_for_klippy_ready(...) for 52.4s (False)
2024-01-27 16:16:46,781      INFO  backoff - Backing off wait_for_klippy_ready(...) for 58.2s (False)
2024-01-27 16:17:45,858      INFO  backoff - Backing off wait_for_klippy_ready(...) for 0.6s (False)
2024-01-27 16:17:46,430      INFO  backoff - Backing off wait_for_klippy_ready(...) for 1.2s (False)
2024-01-27 16:17:47,690      INFO  backoff - Backing off wait_for_klippy_ready(...) for 43.4s (False)
2024-01-27 16:18:30,599      INFO  backoff - Backing off wait_for_klippy_ready(...) for 31.2s (False)
2024-01-27 16:19:02,577      INFO  backoff - Backing off wait_for_klippy_ready(...) for 59.6s (False)
2024-01-27 16:20:01,723      INFO  backoff - Backing off wait_for_klippy_ready(...) for 48.8s (False)
2024-01-27 16:20:51,332      INFO  backoff - Backing off wait_for_klippy_ready(...) for 53.0s (False)
2024-01-27 16:21:44,807      INFO  backoff - Backing off wait_for_klippy_ready(...) for 52.7s (False)
2024-01-27 16:22:37,072      INFO  backoff - Backing off wait_for_klippy_ready(...) for 11.8s (False)
2024-01-27 16:22:48,848      INFO  backoff - Backing off wait_for_klippy_ready(...) for 13.4s (False)
2024-01-27 16:23:03,037      INFO  backoff - Backing off wait_for_klippy_ready(...) for 16.0s (False)
2024-01-27 16:23:19,070      INFO  backoff - Backing off wait_for_klippy_ready(...) for 21.4s (False)
2024-01-27 16:23:40,478      INFO  backoff - Backing off wait_for_klippy_ready(...) for 55.8s (False)
2024-01-27 16:24:35,819      INFO  backoff - Backing off wait_for_klippy_ready(...) for 46.7s (False)
2024-01-27 16:25:23,325      INFO  backoff - Backing off wait_for_klippy_ready(...) for 33.7s (False)
2024-01-27 16:25:56,594      INFO  backoff - Backing off wait_for_klippy_ready(...) for 15.6s (False)
2024-01-27 16:26:12,176      INFO  backoff - Backing off wait_for_klippy_ready(...) for 30.3s (False)
2024-01-27 16:26:43,224      INFO  backoff - Backing off wait_for_klippy_ready(...) for 46.8s (False)
2024-01-27 16:27:29,596      INFO  backoff - Backing off wait_for_klippy_ready(...) for 51.6s (False)
2024-01-27 16:28:22,041      INFO  backoff - Backing off wait_for_klippy_ready(...) for 29.8s (False)
2024-01-27 16:28:51,459      INFO  backoff - Backing off wait_for_klippy_ready(...) for 54.4s (False)
2024-01-27 16:29:46,544      INFO  backoff - Backing off wait_for_klippy_ready(...) for 47.5s (False)
2024-01-27 16:30:34,374      INFO  backoff - Backing off wait_for_klippy_ready(...) for 19.6s (False)
2024-01-27 16:30:53,964      INFO  backoff - Backing off wait_for_klippy_ready(...) for 32.9s (False)
2024-01-27 16:31:26,862      INFO  backoff - Backing off wait_for_klippy_ready(...) for 15.6s (False)
2024-01-27 16:31:41,961      INFO  backoff - Backing off wait_for_klippy_ready(...) for 2.4s (False)
2024-01-27 16:31:44,429      INFO  backoff - Backing off wait_for_klippy_ready(...) for 58.6s (False)
2024-01-27 16:32:43,905      INFO  backoff - Backing off wait_for_klippy_ready(...) for 11.7s (False)
2024-01-27 16:32:55,639      INFO  backoff - Backing off wait_for_klippy_ready(...) for 26.0s (False)
2024-01-27 16:33:21,128      INFO  backoff - Backing off wait_for_klippy_ready(...) for 16.4s (False)
2024-01-27 16:33:37,542      INFO  backoff - Backing off wait_for_klippy_ready(...) for 50.2s (False)
2024-01-27 16:34:28,586      INFO  backoff - Backing off wait_for_klippy_ready(...) for 24.9s (False)
2024-01-27 16:34:53,490      INFO  backoff - Backing off wait_for_klippy_ready(...) for 36.1s (False)
2024-01-27 16:35:30,099      INFO  backoff - Backing off wait_for_klippy_ready(...) for 1.0s (False)
2024-01-27 16:35:31,117      INFO  backoff - Backing off wait_for_klippy_ready(...) for 55.5s (False)
2024-01-27 16:36:26,731      INFO  backoff - Backing off wait_for_klippy_ready(...) for 58.1s (False)
2024-01-27 16:37:25,136      INFO  backoff - Backing off wait_for_klippy_ready(...) for 55.1s (False)
2024-01-27 16:38:19,751      INFO  backoff - Backing off wait_for_klippy_ready(...) for 8.2s (False)
2024-01-27 16:38:27,924      INFO  backoff - Backing off wait_for_klippy_ready(...) for 54.9s (False)
2024-01-27 16:39:23,631      INFO  backoff - Backing off wait_for_klippy_ready(...) for 19.4s (False)
2024-01-27 16:39:43,090      INFO  backoff - Backing off wait_for_klippy_ready(...) for 38.6s (False)
2024-01-27 16:40:21,983      INFO  backoff - Backing off wait_for_klippy_ready(...) for 54.8s (False)
2024-01-27 16:41:16,816      INFO  backoff - Backing off wait_for_klippy_ready(...) for 44.1s (False)
2024-01-27 16:42:01,191      INFO  backoff - Backing off wait_for_klippy_ready(...) for 51.0s (False)
2024-01-27 16:42:52,215      INFO  backoff - Backing off wait_for_klippy_ready(...) for 45.9s (False)
2024-01-27 16:43:38,662      INFO  backoff - Backing off wait_for_klippy_ready(...) for 53.9s (False)
2024-01-27 16:44:32,194      INFO  backoff - Backing off wait_for_klippy_ready(...) for 13.5s (False)
2024-01-27 16:44:46,441      INFO  backoff - Backing off wait_for_klippy_ready(...) for 3.8s (False)
2024-01-27 16:44:50,292      INFO  backoff - Backing off wait_for_klippy_ready(...) for 28.6s (False)
2024-01-27 16:45:18,882      INFO  backoff - Backing off wait_for_klippy_ready(...) for 29.6s (False)
2024-01-27 16:45:48,050      INFO  backoff - Backing off wait_for_klippy_ready(...) for 9.5s (False)
2024-01-27 16:45:57,594      INFO  backoff - Backing off wait_for_klippy_ready(...) for 35.7s (False)
2024-01-27 16:46:34,060      INFO  backoff - Backing off wait_for_klippy_ready(...) for 45.6s (False)
2024-01-27 16:47:19,219      INFO  backoff - Backing off wait_for_klippy_ready(...) for 48.7s (False)
2024-01-27 16:48:08,753      INFO  backoff - Backing off wait_for_klippy_ready(...) for 34.8s (False)
2024-01-27 16:48:43,570      INFO  backoff - Backing off wait_for_klippy_ready(...) for 17.2s (False)
2024-01-27 16:49:00,294      INFO  backoff - Backing off wait_for_klippy_ready(...) for 55.8s (False)
2024-01-27 16:49:56,976      INFO  backoff - Backing off wait_for_klippy_ready(...) for 43.1s (False)
2024-01-27 16:50:39,672      INFO  backoff - Backing off wait_for_klippy_ready(...) for 31.9s (False)
2024-01-27 16:51:12,362      INFO  backoff - Backing off wait_for_klippy_ready(...) for 31.0s (False)
2024-01-27 16:51:43,408      INFO  backoff - Backing off wait_for_klippy_ready(...) for 23.7s (False)
2024-01-27 16:52:07,150      INFO  backoff - Backing off wait_for_klippy_ready(...) for 18.7s (False)
2024-01-27 16:52:26,440      INFO  obico.moonraker_conn - Klippy ready
2024-01-27 16:52:26,687      INFO  obico.app - detected state change: Offline -> Operational
2024-01-27 16:52:28,241      INFO  backoff - Backing off capture_jpeg(...) for 0.3s (AttributeError: 'ServerConn' object has no attribute 'snapshot_url')
2024-01-27 16:52:28,535      INFO  backoff - Backing off capture_jpeg(...) for 1.7s (AttributeError: 'ServerConn' object has no attribute 'snapshot_url')
2024-01-27 16:52:30,196     ERROR  backoff - Giving up capture_jpeg(...) after 3 tries (AttributeError: 'ServerConn' object has no attribute 'snapshot_url')
2024-01-27 16:52:30,196   WARNING  obico.server_conn - Failed to capture jpeg - 'ServerConn' object has no attribute 'snapshot_url'
